2025-02-10 09:14:23,237 DEBUG    root            No implementation for release track [GA] for element: [/Users/daniel.low/Downloads/google-cloud-sdk/lib/surface/code]
2025-02-10 09:14:23,242 DEBUG    root            Loaded Command Group: ['gcloud', 'policy_troubleshoot']
2025-02-10 09:14:23,249 DEBUG    root            No implementation for release track [GA] for element: [/Users/daniel.low/Downloads/google-cloud-sdk/lib/surface/seclm]
2025-02-10 09:14:23,259 DEBUG    root            Loaded Command Group: ['gcloud', 'dataproc_gdc']
2025-02-10 09:14:23,264 DEBUG    root            Loaded Command Group: ['gcloud', 'infra_manager']
2025-02-10 09:14:23,271 DEBUG    root            No implementation for release track [GA] for element: [/Users/daniel.low/Downloads/google-cloud-sdk/lib/surface/data_fusion]
2025-02-10 09:14:23,279 DEBUG    root            No implementation for release track [GA] for element: [/Users/daniel.low/Downloads/google-cloud-sdk/lib/surface/microservices]
2025-02-10 09:14:23,280 DEBUG    root            Loaded Command Group: ['gcloud', 'projects']
2025-02-10 09:14:23,289 DEBUG    root            Loaded Command Group: ['gcloud', 'gemini']
2025-02-10 09:14:23,299 DEBUG    root            Loaded Command Group: ['gcloud', 'projects']
2025-02-10 09:14:23,315 DEBUG    root            Loaded Command Group: ['gcloud', 'projects', 'describe']
2025-02-10 09:14:23,316 DEBUG    root            Running [gcloud.projects.describe] with arguments: [--account: "daniel.low@dyson.com", --configuration: "default", --format: "value(name)", PROJECT_ID_OR_NUMBER: "dde-prj-buildandtest-p001"]
2025-02-10 09:14:23,326 DEBUG    root            Loaded Command Group: ['gcloud', 'help']
2025-02-10 09:14:23,330 DEBUG    root            Loaded Command Group: ['gcloud', 'transfer']
2025-02-10 09:14:23,335 DEBUG    root            Loaded Command Group: ['gcloud', 'firebase']
2025-02-10 09:14:23,341 DEBUG    root            No implementation for release track [GA] for element: [/Users/daniel.low/Downloads/google-cloud-sdk/lib/surface/firebase_data_connect]
2025-02-10 09:14:23,344 DEBUG    root            Loaded Command Group: ['gcloud', 'firestore']
2025-02-10 09:14:23,349 DEBUG    root            Loaded Command Group: ['gcloud', 'migration']
2025-02-10 09:14:23,354 DEBUG    root            Loaded Command Group: ['gcloud', 'composer']
2025-02-10 09:14:23,358 DEBUG    root            Loaded Command Group: ['gcloud', 'dns']
2025-02-10 09:14:23,364 DEBUG    root            Loaded Command Group: ['gcloud', 'privateca']
2025-02-10 09:14:23,369 DEBUG    root            No implementation for release track [GA] for element: [/Users/daniel.low/Downloads/google-cloud-sdk/lib/surface/spectrum_access]
2025-02-10 09:14:23,384 WARNING  root            This command is using service account impersonation. All API calls will be executed as [bnt-battery-engineer-sa@dde-prj-buildandtest-p001.iam.gserviceaccount.com].
2025-02-10 09:14:23,390 DEBUG    root            Loaded Command Group: ['gcloud', 'survey']
2025-02-10 09:14:23,394 DEBUG    root            Loaded Command Group: ['gcloud', 'managed_kafka']
2025-02-10 09:14:23,399 DEBUG    root            No implementation for release track [GA] for element: [/Users/daniel.low/Downloads/google-cloud-sdk/lib/surface/resource_config]
2025-02-10 09:14:23,408 DEBUG    google.auth.transport.requests Making request: POST https://oauth2.googleapis.com/token
2025-02-10 09:14:23,417 DEBUG    urllib3.connectionpool Starting new HTTPS connection (1): oauth2.googleapis.com:443
2025-02-10 09:14:23,491 DEBUG    root            Loaded Command Group: ['gcloud', 'ml_engine']
2025-02-10 09:14:23,496 DEBUG    root            No implementation for release track [GA] for element: [/Users/daniel.low/Downloads/google-cloud-sdk/lib/surface/cbrs_spectrum_access]
2025-02-10 09:14:23,501 DEBUG    root            Loaded Command Group: ['gcloud', 'network_services']
2025-02-10 09:14:23,505 DEBUG    root            Loaded Command Group: ['gcloud', 'ai_platform']
2025-02-10 09:14:23,509 DEBUG    root            No implementation for release track [GA] for element: [/Users/daniel.low/Downloads/google-cloud-sdk/lib/surface/mps]
2025-02-10 09:14:23,512 DEBUG    root            Loaded Command Group: ['gcloud', 'notebooks']
2025-02-10 09:14:23,516 DEBUG    root            Loaded Command Group: ['gcloud', 'workbench']
2025-02-10 09:14:23,521 DEBUG    root            Loaded Command Group: ['gcloud', 'database_migration']
2025-02-10 09:14:23,526 DEBUG    root            Loaded Command Group: ['gcloud', 'source']
2025-02-10 09:14:23,527 DEBUG    urllib3.connectionpool https://oauth2.googleapis.com:443 "POST /token HTTP/1.1" 200 None
2025-02-10 09:14:23,546 DEBUG    google.auth.transport.requests Making request: POST https://oauth2.googleapis.com/token
2025-02-10 09:14:23,547 DEBUG    urllib3.connectionpool Starting new HTTPS connection (1): oauth2.googleapis.com:443
2025-02-10 09:14:23,621 DEBUG    urllib3.connectionpool https://oauth2.googleapis.com:443 "POST /token HTTP/1.1" 200 None
2025-02-10 09:14:23,624 DEBUG    google.auth.transport.requests Making request: POST https://iamcredentials.googleapis.com/v1/projects/-/serviceAccounts/bnt-battery-engineer-sa@dde-prj-buildandtest-p001.iam.gserviceaccount.com:generateAccessToken
2025-02-10 09:14:23,624 DEBUG    urllib3.connectionpool Starting new HTTPS connection (1): iamcredentials.googleapis.com:443
2025-02-10 09:14:23,701 DEBUG    root            Loaded Command Group: ['gcloud', 'compute']
2025-02-10 09:14:23,719 DEBUG    root            Loaded Command Group: ['gcloud', 'cheat_sheet']
2025-02-10 09:14:23,737 DEBUG    urllib3.connectionpool https://iamcredentials.googleapis.com:443 "POST /v1/projects/-/serviceAccounts/bnt-battery-engineer-sa@dde-prj-buildandtest-p001.iam.gserviceaccount.com:generateAccessToken HTTP/1.1" 403 None
2025-02-10 09:14:23,738 DEBUG    root            Chosen display Format:default
2025-02-10 09:14:23,782 DEBUG    root            Loaded Command Group: ['gcloud', 'storage']
2025-02-10 09:14:23,788 DEBUG    root            Loaded Command Group: ['gcloud', 'service_extensions']
2025-02-10 09:14:23,793 DEBUG    root            Loaded Command Group: ['gcloud', 'spanner']
2025-02-10 09:14:23,798 DEBUG    root            Loaded Command Group: ['gcloud', 'colab']
2025-02-10 09:14:23,802 DEBUG    root            No implementation for release track [GA] for element: [/Users/daniel.low/Downloads/google-cloud-sdk/lib/surface/saas]
2025-02-10 09:14:23,805 DEBUG    root            Loaded Command Group: ['gcloud', 'artifacts']
2025-02-10 09:14:23,811 DEBUG    root            Loaded Command Group: ['gcloud', 'audit_manager']
2025-02-10 09:14:23,816 DEBUG    root            Loaded Command Group: ['gcloud', 'transcoder']
2025-02-10 09:14:23,818 DEBUG    root            Chosen display Format:default
2025-02-10 09:14:23,819 DEBUG    root            Chosen display Format:default
2025-02-10 09:14:23,820 DEBUG    root            Loaded Command Group: ['gcloud', 'workstations']
2025-02-10 09:14:23,825 DEBUG    root            No implementation for release track [GA] for element: [/Users/daniel.low/Downloads/google-cloud-sdk/lib/surface/dialogflow]
2025-02-10 09:14:23,850 DEBUG    root            Loaded Command Group: ['gcloud', 'init']
2025-02-10 09:14:23,854 DEBUG    root            Loaded Command Group: ['gcloud', 'anthos']
2025-02-10 09:14:23,860 DEBUG    root            Loaded Command Group: ['gcloud', 'publicca']
2025-02-10 09:14:23,864 DEBUG    root            Loaded Command Group: ['gcloud', 'datastream']
2025-02-10 09:14:23,868 DEBUG    root            Chosen display Format:default
2025-02-10 09:14:23,872 DEBUG    root            Loaded Command Group: ['gcloud', 'filestore']
2025-02-10 09:14:23,820 DEBUG    root            (gcloud.projects.describe) PERMISSION_DENIED: Failed to impersonate [bnt-battery-engineer-sa@dde-prj-buildandtest-p001.iam.gserviceaccount.com]. Make sure the account that's trying to impersonate it has access to the service account itself and the "roles/iam.serviceAccountTokenCreator" role. Permission 'iam.serviceAccounts.getAccessToken' denied on resource (or it may not exist). This command is authenticated as daniel.low@dyson.com which is the active account specified by the [core/account] property. Impersonation is used to impersonate bnt-battery-engineer-sa@dde-prj-buildandtest-p001.iam.gserviceaccount.com. 
- '@type': type.googleapis.com/google.rpc.ErrorInfo
  domain: iam.googleapis.com
  metadata:
    permission: iam.serviceAccounts.getAccessToken
  reason: IAM_PERMISSION_DENIED
Traceback (most recent call last):
  File "/Users/daniel.low/Downloads/google-cloud-sdk/lib/googlecloudsdk/api_lib/iamcredentials/util.py", line 186, in GetElevationAccessTokenGoogleAuth
    cred.refresh(request_client)
  File "/Users/daniel.low/Downloads/google-cloud-sdk/lib/third_party/google/auth/impersonated_credentials.py", line 246, in refresh
    self._update_token(request)
  File "/Users/daniel.low/Downloads/google-cloud-sdk/lib/third_party/google/auth/impersonated_credentials.py", line 278, in _update_token
    self.token, self.expiry = _make_iam_token_request(
  File "/Users/daniel.low/Downloads/google-cloud-sdk/lib/third_party/google/auth/impersonated_credentials.py", line 91, in _make_iam_token_request
    raise exceptions.RefreshError(_REFRESH_ERROR, response_body)
google.auth.exceptions.RefreshError: ('Unable to acquire impersonated credentials', '{\n  "error": {\n    "code": 403,\n    "message": "Permission \'iam.serviceAccounts.getAccessToken\' denied on resource (or it may not exist).",\n    "status": "PERMISSION_DENIED",\n    "details": [\n      {\n        "@type": "type.googleapis.com/google.rpc.ErrorInfo",\n        "reason": "IAM_PERMISSION_DENIED",\n        "domain": "iam.googleapis.com",\n        "metadata": {\n          "permission": "iam.serviceAccounts.getAccessToken"\n        }\n      }\n    ]\n  }\n}\n')

During handling of the above exception, another exception occurred:

Traceback (most recent call last):
  File "/Users/daniel.low/Downloads/google-cloud-sdk/lib/googlecloudsdk/calliope/cli.py", line 998, in Execute
    resources = calliope_command.Run(cli=self, args=args)
  File "/Users/daniel.low/Downloads/google-cloud-sdk/lib/googlecloudsdk/calliope/backend.py", line 934, in Run
    resources = command_instance.Run(args)
  File "/Users/daniel.low/Downloads/google-cloud-sdk/lib/surface/projects/describe.py", line 51, in Run
    return projects_api.Get(project_ref)
  File "/Users/daniel.low/Downloads/google-cloud-sdk/lib/googlecloudsdk/api_lib/cloudresourcemanager/projects_api.py", line 124, in Get
    client = projects_util.GetClient(api_version)
  File "/Users/daniel.low/Downloads/google-cloud-sdk/lib/googlecloudsdk/api_lib/cloudresourcemanager/projects_util.py", line 56, in GetClient
    return apis.GetClientInstance(_API_NAME, version)
  File "/Users/daniel.low/Downloads/google-cloud-sdk/lib/googlecloudsdk/api_lib/util/apis.py", line 270, in GetClientInstance
    return apis_internal._GetClientInstance(
  File "/Users/daniel.low/Downloads/google-cloud-sdk/lib/googlecloudsdk/api_lib/util/apis_internal.py", line 169, in _GetClientInstance
    http_client = transports.GetApitoolsTransport(
  File "/Users/daniel.low/Downloads/google-cloud-sdk/lib/googlecloudsdk/core/credentials/transports.py", line 80, in GetApitoolsTransport
    session = requests.GetSession(
  File "/Users/daniel.low/Downloads/google-cloud-sdk/lib/googlecloudsdk/core/credentials/requests.py", line 82, in GetSession
    session = request_wrapper.WrapQuota(session, enable_resource_quota,
  File "/Users/daniel.low/Downloads/google-cloud-sdk/lib/googlecloudsdk/core/credentials/requests.py", line 127, in WrapQuota
    quota_project = self.QuotaProject(enable_resource_quota,
  File "/Users/daniel.low/Downloads/google-cloud-sdk/lib/googlecloudsdk/core/credentials/transport.py", line 54, in QuotaProject
    creds = store.LoadIfEnabled(allow_account_impersonation, use_google_auth)
  File "/Users/daniel.low/Downloads/google-cloud-sdk/lib/googlecloudsdk/core/credentials/store.py", line 636, in LoadIfEnabled
    return Load(
  File "/Users/daniel.low/Downloads/google-cloud-sdk/lib/googlecloudsdk/core/credentials/store.py", line 869, in Load
    cred = IMPERSONATION_TOKEN_PROVIDER.GetElevationAccessTokenGoogleAuth(
  File "/Users/daniel.low/Downloads/google-cloud-sdk/lib/googlecloudsdk/api_lib/iamcredentials/util.py", line 225, in GetElevationAccessTokenGoogleAuth
    raise exceptions.HttpException(
googlecloudsdk.api_lib.util.exceptions.HttpException: PERMISSION_DENIED: Failed to impersonate [bnt-battery-engineer-sa@dde-prj-buildandtest-p001.iam.gserviceaccount.com]. Make sure the account that's trying to impersonate it has access to the service account itself and the "roles/iam.serviceAccountTokenCreator" role. Permission 'iam.serviceAccounts.getAccessToken' denied on resource (or it may not exist). This command is authenticated as daniel.low@dyson.com which is the active account specified by the [core/account] property. Impersonation is used to impersonate bnt-battery-engineer-sa@dde-prj-buildandtest-p001.iam.gserviceaccount.com. 
- '@type': type.googleapis.com/google.rpc.ErrorInfo
  domain: iam.googleapis.com
  metadata:
    permission: iam.serviceAccounts.getAccessToken
  reason: IAM_PERMISSION_DENIED
2025-02-10 09:14:23,873 ERROR    root            (gcloud.projects.describe) PERMISSION_DENIED: Failed to impersonate [bnt-battery-engineer-sa@dde-prj-buildandtest-p001.iam.gserviceaccount.com]. Make sure the account that's trying to impersonate it has access to the service account itself and the "roles/iam.serviceAccountTokenCreator" role. Permission 'iam.serviceAccounts.getAccessToken' denied on resource (or it may not exist). This command is authenticated as daniel.low@dyson.com which is the active account specified by the [core/account] property. Impersonation is used to impersonate bnt-battery-engineer-sa@dde-prj-buildandtest-p001.iam.gserviceaccount.com. 
- '@type': type.googleapis.com/google.rpc.ErrorInfo
  domain: iam.googleapis.com
  metadata:
    permission: iam.serviceAccounts.getAccessToken
  reason: IAM_PERMISSION_DENIED
2025-02-10 09:14:23,874 DEBUG    root            Chosen display Format:default
2025-02-10 09:14:23,878 DEBUG    root            Loaded Command Group: ['gcloud', 'certificate_manager']
2025-02-10 09:14:23,886 DEBUG    root            Loaded Command Group: ['gcloud', 'deploy']
2025-02-10 09:14:23,894 DEBUG    root            Loaded Command Group: ['gcloud', 'netapp']
2025-02-10 09:14:23,910 DEBUG    root            Metrics reporting process started...
2025-02-10 09:14:23,925 DEBUG    root            No implementation for release track [GA] for element: [/Users/daniel.low/Downloads/google-cloud-sdk/lib/surface/stacks]
2025-02-10 09:14:23,929 DEBUG    root            Loaded Command Group: ['gcloud', 'apphub']
2025-02-10 09:14:23,934 DEBUG    root            Loaded Command Group: ['gcloud', 'looker']
2025-02-10 09:14:23,944 DEBUG    root            Loaded Command Group: ['gcloud', 'orglifecycle']
2025-02-10 09:14:23,948 DEBUG    root            Loaded Command Group: ['gcloud', 'metastore']
2025-02-10 09:14:23,954 DEBUG    root            Loaded Command Group: ['gcloud', 'authz_toolkit']
2025-02-10 09:14:23,958 DEBUG    root            Loaded Command Group: ['gcloud', 'network_security']
2025-02-10 09:14:23,964 DEBUG    root            No implementation for release track [GA] for element: [/Users/daniel.low/Downloads/google-cloud-sdk/lib/surface/web_security_scanner]
2025-02-10 09:14:23,968 DEBUG    root            Loaded Command Group: ['gcloud', 'workflows']
2025-02-10 09:14:23,973 DEBUG    root            No implementation for release track [GA] for element: [/Users/daniel.low/Downloads/google-cloud-sdk/lib/surface/datapipelines]
2025-02-10 09:14:23,978 DEBUG    root            Loaded Command Group: ['gcloud', 'endpoints']
2025-02-10 09:14:23,984 DEBUG    root            Loaded Command Group: ['gcloud', 'app']
2025-02-10 09:14:23,989 DEBUG    root            No implementation for release track [GA] for element: [/Users/daniel.low/Downloads/google-cloud-sdk/lib/surface/genomics]
2025-02-10 09:14:23,993 DEBUG    root            Loaded Command Group: ['gcloud', 'dataproc']
2025-02-10 09:14:23,998 DEBUG    root            Loaded Command Group: ['gcloud', 'policy_intelligence']
2025-02-10 09:14:24,002 DEBUG    root            Loaded Command Group: ['gcloud', 'service_directory']
2025-02-10 09:14:24,007 DEBUG    root            Loaded Command Group: ['gcloud', 'config']
2025-02-10 09:14:24,013 DEBUG    root            Loaded Command Group: ['gcloud', 'recommender']
2025-02-10 09:14:24,017 DEBUG    root            Loaded Command Group: ['gcloud', 'scc']
2025-02-10 09:14:24,026 DEBUG    root            Loaded Command Group: ['gcloud', 'memorystore']
2025-02-10 09:14:24,154 DEBUG    root            Loaded Command Group: ['gcloud', 'builds']
2025-02-10 09:14:24,163 DEBUG    root            Loaded Command Group: ['gcloud', 'organizations']
2025-02-10 09:14:24,167 DEBUG    root            No implementation for release track [GA] for element: [/Users/daniel.low/Downloads/google-cloud-sdk/lib/surface/blockchain_node_engine]
2025-02-10 09:14:24,173 DEBUG    root            Loaded Command Group: ['gcloud', 'kms']
2025-02-10 09:14:24,179 DEBUG    root            Loaded Command Group: ['gcloud', 'datastore']
2025-02-10 09:14:24,183 DEBUG    root            Loaded Command Group: ['gcloud', 'active_directory']
2025-02-10 09:14:24,187 DEBUG    root            Loaded Command Group: ['gcloud', 'redis']
2025-02-10 09:14:24,193 DEBUG    root            No implementation for release track [GA] for element: [/Users/daniel.low/Downloads/google-cloud-sdk/lib/surface/trace]
2025-02-10 09:14:24,198 DEBUG    root            No implementation for release track [GA] for element: [/Users/daniel.low/Downloads/google-cloud-sdk/lib/surface/source_manager]
2025-02-10 09:14:24,202 DEBUG    root            No implementation for release track [GA] for element: [/Users/daniel.low/Downloads/google-cloud-sdk/lib/surface/bq]
2025-02-10 09:14:24,205 DEBUG    root            Loaded Command Group: ['gcloud', 'eventarc']
2025-02-10 09:14:24,211 DEBUG    root            Loaded Command Group: ['gcloud', 'ml']
2025-02-10 09:14:24,217 DEBUG    root            Loaded Command Group: ['gcloud', 'access_approval']
2025-02-10 09:14:24,224 DEBUG    root            No implementation for release track [GA] for element: [/Users/daniel.low/Downloads/google-cloud-sdk/lib/surface/terraform]
2025-02-10 09:14:24,233 DEBUG    root            Loaded Command Group: ['gcloud', 'api_gateway']
2025-02-10 09:14:24,238 DEBUG    root            Loaded Command Group: ['gcloud', 'network_connectivity']
2025-02-10 09:14:24,243 DEBUG    root            Loaded Command Group: ['gcloud', 'logging']
2025-02-10 09:14:24,256 DEBUG    root            Loaded Command Group: ['gcloud', 'oracle_database']
2025-02-10 09:14:24,262 DEBUG    root            Loaded Command Group: ['gcloud', 'unlock']
2025-02-10 09:14:24,269 DEBUG    root            No implementation for release track [GA] for element: [/Users/daniel.low/Downloads/google-cloud-sdk/lib/surface/number_registry]
2025-02-10 09:14:24,656 DEBUG    root            No implementation for release track [GA] for element: [/Users/daniel.low/Downloads/google-cloud-sdk/lib/surface/interactive]
2025-02-10 09:14:24,660 DEBUG    root            Loaded Command Group: ['gcloud', 'batch']
2025-02-10 09:14:24,665 DEBUG    root            Loaded Command Group: ['gcloud', 'components']
2025-02-10 09:14:24,670 DEBUG    root            Loaded Command Group: ['gcloud', 'dataflow']
2025-02-10 09:14:24,675 DEBUG    root            Loaded Command Group: ['gcloud', 'immersive_stream']
2025-02-10 09:14:24,680 DEBUG    root            Loaded Command Group: ['gcloud', 'backup_dr']
2025-02-10 09:14:24,687 DEBUG    root            No implementation for release track [GA] for element: [/Users/daniel.low/Downloads/google-cloud-sdk/lib/surface/error_reporting]
2025-02-10 09:14:24,690 DEBUG    root            Loaded Command Group: ['gcloud', 'apigee']
2025-02-10 09:14:24,694 DEBUG    root            Loaded Command Group: ['gcloud', 'ai']
2025-02-10 09:14:24,700 DEBUG    root            Loaded Command Group: ['gcloud', 'run']
2025-02-10 09:14:24,706 DEBUG    root            Loaded Command Group: ['gcloud', 'topic']
2025-02-10 09:14:24,710 DEBUG    root            Loaded Command Group: ['gcloud', 'healthcare']
2025-02-10 09:14:24,715 DEBUG    root            Loaded Command Group: ['gcloud', 'asset']
2025-02-10 09:14:24,719 DEBUG    root            Loaded Command Group: ['gcloud', 'sql']
2025-02-10 09:14:24,725 DEBUG    root            Loaded Command Group: ['gcloud', 'vmware']
2025-02-10 09:14:24,730 DEBUG    root            Loaded Command Group: ['gcloud', 'alloydb']
2025-02-10 09:14:24,736 DEBUG    root            No implementation for release track [GA] for element: [/Users/daniel.low/Downloads/google-cloud-sdk/lib/surface/fault_injection]
2025-02-10 09:14:24,739 DEBUG    root            Loaded Command Group: ['gcloud', 'data_catalog']
2025-02-10 09:14:24,744 DEBUG    root            No implementation for release track [GA] for element: [/Users/daniel.low/Downloads/google-cloud-sdk/lib/surface/managed_flink]
2025-02-10 09:14:24,747 DEBUG    root            No implementation for release track [GA] for element: [/Users/daniel.low/Downloads/google-cloud-sdk/lib/surface/media]
2025-02-10 09:14:24,750 DEBUG    root            No implementation for release track [GA] for element: [/Users/daniel.low/Downloads/google-cloud-sdk/lib/surface/quotas]
2025-02-10 09:14:24,759 DEBUG    root            No implementation for release track [GA] for element: [/Users/daniel.low/Downloads/google-cloud-sdk/lib/surface/runtime_config]
2025-02-10 09:14:24,764 DEBUG    root            Loaded Command Group: ['gcloud', 'meta']
2025-02-10 09:14:24,768 DEBUG    root            Loaded Command Group: ['gcloud', 'access_context_manager']
2025-02-10 09:14:24,778 DEBUG    root            Loaded Command Group: ['gcloud', 'developer_connect']
2025-02-10 09:14:24,784 DEBUG    root            Loaded Command Group: ['gcloud', 'iap']
2025-02-10 09:14:24,788 DEBUG    root            Loaded Command Group: ['gcloud', 'domains']
2025-02-10 09:14:24,794 DEBUG    root            Loaded Command Group: ['gcloud', 'network_management']
2025-02-10 09:14:24,799 DEBUG    root            No implementation for release track [GA] for element: [/Users/daniel.low/Downloads/google-cloud-sdk/lib/surface/commerce_procurement]
2025-02-10 09:14:24,800 DEBUG    root            Loaded Command Group: ['gcloud', 'essential_contacts']
2025-02-10 09:14:24,807 DEBUG    root            Loaded Command Group: ['gcloud', 'iam']
2025-02-10 09:14:24,812 DEBUG    root            No implementation for release track [GA] for element: [/Users/daniel.low/Downloads/google-cloud-sdk/lib/surface/remote_build_execution]
2025-02-10 09:14:24,824 DEBUG    root            Loaded Command Group: ['gcloud', 'feedback']
2025-02-10 09:14:24,827 DEBUG    root            Loaded Command Group: ['gcloud', 'deployment_manager']
2025-02-10 09:14:24,832 DEBUG    root            Loaded Command Group: ['gcloud', 'cloud_shell']
2025-02-10 09:14:24,836 DEBUG    root            Loaded Command Group: ['gcloud', 'dataplex']
2025-02-10 09:14:24,846 DEBUG    root            Loaded Command Group: ['gcloud', 'pam']
2025-02-10 09:14:24,852 DEBUG    root            Loaded Command Group: ['gcloud', 'tasks']
2025-02-10 09:14:24,863 DEBUG    root            No implementation for release track [GA] for element: [/Users/daniel.low/Downloads/google-cloud-sdk/lib/surface/blockchain_validator]
2025-02-10 09:14:24,869 DEBUG    root            Loaded Command Group: ['gcloud', 'ids']
2025-02-10 09:14:24,873 DEBUG    root            Loaded Command Group: ['gcloud', 'monitoring']
2025-02-10 09:14:24,879 DEBUG    root            Loaded Command Group: ['gcloud', 'services']
2025-02-10 09:14:24,884 DEBUG    root            Loaded Command Group: ['gcloud', 'emulators']
2025-02-10 09:14:24,894 DEBUG    root            Loaded Command Group: ['gcloud', 'parallelstore']
2025-02-10 09:14:24,901 DEBUG    root            Loaded Command Group: ['gcloud', 'org_policies']
2025-02-10 09:14:24,904 DEBUG    root            Loaded Command Group: ['gcloud', 'telco_automation']
2025-02-10 09:14:24,908 DEBUG    root            Loaded Command Group: ['gcloud', 'assured']
2025-02-10 09:14:24,913 DEBUG    root            Loaded Command Group: ['gcloud', 'auth']
2025-02-10 09:14:24,921 DEBUG    root            Loaded Command Group: ['gcloud', 'edge_cloud']
2025-02-10 09:14:24,927 DEBUG    root            Loaded Command Group: ['gcloud', 'version']
2025-02-10 09:14:24,936 DEBUG    root            No implementation for release track [GA] for element: [/Users/daniel.low/Downloads/google-cloud-sdk/lib/surface/parametermanager]
2025-02-10 09:14:24,940 DEBUG    root            No implementation for release track [GA] for element: [/Users/daniel.low/Downloads/google-cloud-sdk/lib/surface/beyondcorp]
2025-02-10 09:14:24,944 DEBUG    root            Loaded Command Group: ['gcloud', 'billing']
2025-02-10 09:14:24,951 DEBUG    root            No implementation for release track [GA] for element: [/Users/daniel.low/Downloads/google-cloud-sdk/lib/surface/lifesciences]
2025-02-10 09:14:24,956 DEBUG    root            Loaded Command Group: ['gcloud', 'pubsub']
2025-02-10 09:14:24,961 DEBUG    root            Loaded Command Group: ['gcloud', 'bms']
2025-02-10 09:14:24,973 DEBUG    root            Loaded Command Group: ['gcloud', 'docker']
2025-02-10 09:14:25,008 DEBUG    root            Loaded Command Group: ['gcloud', 'functions']
2025-02-10 09:14:25,013 DEBUG    root            Loaded Command Group: ['gcloud', 'recaptcha']
2025-02-10 09:14:25,017 DEBUG    root            Loaded Command Group: ['gcloud', 'memcache']
2025-02-10 09:14:25,022 DEBUG    root            Loaded Command Group: ['gcloud', 'edge_cache']
2025-02-10 09:14:25,032 DEBUG    root            Loaded Command Group: ['gcloud', 'info']
2025-02-10 09:14:25,037 DEBUG    root            No implementation for release track [GA] for element: [/Users/daniel.low/Downloads/google-cloud-sdk/lib/surface/lustre]
2025-02-10 09:14:25,041 DEBUG    root            Loaded Command Group: ['gcloud', 'secrets']
2025-02-10 09:14:25,047 DEBUG    root            Loaded Command Group: ['gcloud', 'workspace_add_ons']
2025-02-10 09:14:25,051 DEBUG    root            Loaded Command Group: ['gcloud', 'scheduler']
2025-02-10 09:14:25,054 DEBUG    root            Loaded Command Group: ['gcloud', 'identity']
2025-02-10 09:14:25,063 DEBUG    root            No implementation for release track [GA] for element: [/Users/daniel.low/Downloads/google-cloud-sdk/lib/surface/model_armor]
2025-02-10 09:14:25,068 DEBUG    root            No implementation for release track [GA] for element: [/Users/daniel.low/Downloads/google-cloud-sdk/lib/surface/dlp]
2025-02-10 09:14:25,072 DEBUG    root            Loaded Command Group: ['gcloud', 'resource_manager']
2025-02-10 09:14:25,074 ERROR    root            (gcloud) Invalid choice: 'component'.
2025-02-10 09:14:25,174 DEBUG    root            Metrics reporting process started...
